[INFO  - 2017-04-20T19:07:20.070Z] GhostDriver - Main - running on port 57555
[INFO  - 2017-04-20T19:07:20.537Z] Session [9420bfd0-25fc-11e7-87d3-617d27d164d2] - page.settings - {"XSSAuditingEnabled":false,"javascriptCanCloseWindows":true,"javascriptCanOpenWindows":true,"javascriptEnabled":true,"loadImages":true,"localToRemoteUrlAccessEnabled":false,"userAgent":"Mozilla/5.0 (Macintosh; Intel Mac OS X) AppleWebKit/538.1 (KHTML, like Gecko) PhantomJS/2.1.1 Safari/538.1","webSecurityEnabled":true}
[INFO  - 2017-04-20T19:07:20.537Z] Session [9420bfd0-25fc-11e7-87d3-617d27d164d2] - page.customHeaders:  - {}
[INFO  - 2017-04-20T19:07:20.538Z] Session [9420bfd0-25fc-11e7-87d3-617d27d164d2] - Session.negotiatedCapabilities - {"browserName":"phantomjs","version":"2.1.1","driverName":"ghostdriver","driverVersion":"1.2.0","platform":"mac-unknown-64bit","javascriptEnabled":true,"takesScreenshot":true,"handlesAlerts":false,"databaseEnabled":false,"locationContextEnabled":false,"applicationCacheEnabled":false,"browserConnectionEnabled":false,"cssSelectorsEnabled":true,"webStorageEnabled":false,"rotatable":false,"acceptSslCerts":false,"nativeEvents":true,"proxy":{"proxyType":"direct"}}
[INFO  - 2017-04-20T19:07:20.538Z] SessionManagerReqHand - _postNewSessionCommand - New Session Created: 9420bfd0-25fc-11e7-87d3-617d27d164d2
[ERROR - 2017-04-20T19:07:46.810Z] WebElementLocator - _handleLocateCommand - Element(s) NOT Found: GAVE UP. Search Stop Time: 1492715266788

  phantomjs://platform/console++.js:263 in error
[ERROR - 2017-04-20T19:07:52.596Z] WebElementLocator - _handleLocateCommand - Element(s) NOT Found: GAVE UP. Search Stop Time: 1492715272560

  phantomjs://platform/console++.js:263 in error
[ERROR - 2017-04-20T19:08:00.200Z] WebElementLocator - _handleLocateCommand - Element(s) NOT Found: GAVE UP. Search Stop Time: 1492715280153

  phantomjs://platform/console++.js:263 in error
[ERROR - 2017-04-20T19:08:04.671Z] WebElementLocator - _handleLocateCommand - Element(s) NOT Found: GAVE UP. Search Stop Time: 1492715284663

  phantomjs://platform/console++.js:263 in error
[ERROR - 2017-04-20T19:08:09.398Z] WebElementLocator - _handleLocateCommand - Element(s) NOT Found: GAVE UP. Search Stop Time: 1492715289341

  phantomjs://platform/console++.js:263 in error
[ERROR - 2017-04-20T19:08:17.697Z] WebElementLocator - _handleLocateCommand - Element(s) NOT Found: GAVE UP. Search Stop Time: 1492715297651

  phantomjs://platform/console++.js:263 in error
[ERROR - 2017-04-20T19:08:22.707Z] WebElementLocator - _handleLocateCommand - Element(s) NOT Found: GAVE UP. Search Stop Time: 1492715302673

  phantomjs://platform/console++.js:263 in error
[ERROR - 2017-04-20T19:08:29.506Z] WebElementLocator - _handleLocateCommand - Element(s) NOT Found: GAVE UP. Search Stop Time: 1492715309459

  phantomjs://platform/console++.js:263 in error
[ERROR - 2017-04-20T19:08:33.820Z] WebElementLocator - _handleLocateCommand - Element(s) NOT Found: GAVE UP. Search Stop Time: 1492715313781

  phantomjs://platform/console++.js:263 in error
[ERROR - 2017-04-20T19:08:37.506Z] WebElementLocator - _handleLocateCommand - Element(s) NOT Found: GAVE UP. Search Stop Time: 1492715317470

  phantomjs://platform/console++.js:263 in error
[ERROR - 2017-04-20T19:08:46.050Z] WebElementLocator - _handleLocateCommand - Element(s) NOT Found: GAVE UP. Search Stop Time: 1492715326012

  phantomjs://platform/console++.js:263 in error
[ERROR - 2017-04-20T19:09:06.784Z] WebElementLocator - _handleLocateCommand - Element(s) NOT Found: GAVE UP. Search Stop Time: 1492715346744

  phantomjs://platform/console++.js:263 in error
[ERROR - 2017-04-20T19:09:13.824Z] WebElementLocator - _handleLocateCommand - Element(s) NOT Found: GAVE UP. Search Stop Time: 1492715353784

  phantomjs://platform/console++.js:263 in error
[ERROR - 2017-04-20T19:09:22.221Z] WebElementLocator - _handleLocateCommand - Element(s) NOT Found: GAVE UP. Search Stop Time: 1492715362185

  phantomjs://platform/console++.js:263 in error
[ERROR - 2017-04-20T19:09:27.035Z] WebElementLocator - _handleLocateCommand - Element(s) NOT Found: GAVE UP. Search Stop Time: 1492715366997

  phantomjs://platform/console++.js:263 in error
[ERROR - 2017-04-20T19:09:32.091Z] WebElementLocator - _handleLocateCommand - Element(s) NOT Found: GAVE UP. Search Stop Time: 1492715372050

  phantomjs://platform/console++.js:263 in error
[ERROR - 2017-04-20T19:09:39.572Z] WebElementLocator - _handleLocateCommand - Element(s) NOT Found: GAVE UP. Search Stop Time: 1492715379534

  phantomjs://platform/console++.js:263 in error
[ERROR - 2017-04-20T19:09:44.845Z] WebElementLocator - _handleLocateCommand - Element(s) NOT Found: GAVE UP. Search Stop Time: 1492715384809

  phantomjs://platform/console++.js:263 in error
[ERROR - 2017-04-20T19:09:50.327Z] WebElementLocator - _handleLocateCommand - Element(s) NOT Found: GAVE UP. Search Stop Time: 1492715390317

  phantomjs://platform/console++.js:263 in error
[ERROR - 2017-04-20T19:09:59.390Z] WebElementLocator - _handleLocateCommand - Element(s) NOT Found: GAVE UP. Search Stop Time: 1492715399358

  phantomjs://platform/console++.js:263 in error
[ERROR - 2017-04-20T19:10:04.261Z] WebElementLocator - _handleLocateCommand - Element(s) NOT Found: GAVE UP. Search Stop Time: 1492715404223

  phantomjs://platform/console++.js:263 in error
[ERROR - 2017-04-20T19:10:08.985Z] WebElementLocator - _handleLocateCommand - Element(s) NOT Found: GAVE UP. Search Stop Time: 1492715408951

  phantomjs://platform/console++.js:263 in error
[ERROR - 2017-04-20T19:10:17.658Z] WebElementLocator - _handleLocateCommand - Element(s) NOT Found: GAVE UP. Search Stop Time: 1492715417613

  phantomjs://platform/console++.js:263 in error
[ERROR - 2017-04-20T19:10:22.381Z] WebElementLocator - _handleLocateCommand - Element(s) NOT Found: GAVE UP. Search Stop Time: 1492715422355

  phantomjs://platform/console++.js:263 in error
[ERROR - 2017-04-20T19:10:26.977Z] WebElementLocator - _handleLocateCommand - Element(s) NOT Found: GAVE UP. Search Stop Time: 1492715426944

  phantomjs://platform/console++.js:263 in error
[ERROR - 2017-04-20T19:10:39.438Z] WebElementLocator - _handleLocateCommand - Element(s) NOT Found: GAVE UP. Search Stop Time: 1492715439410

  phantomjs://platform/console++.js:263 in error
[ERROR - 2017-04-20T19:10:47.247Z] WebElementLocator - _handleLocateCommand - Element(s) NOT Found: GAVE UP. Search Stop Time: 1492715447217

  phantomjs://platform/console++.js:263 in error
[ERROR - 2017-04-20T19:10:52.274Z] WebElementLocator - _handleLocateCommand - Element(s) NOT Found: GAVE UP. Search Stop Time: 1492715452249

  phantomjs://platform/console++.js:263 in error
[ERROR - 2017-04-20T19:10:59.424Z] WebElementLocator - _handleLocateCommand - Element(s) NOT Found: GAVE UP. Search Stop Time: 1492715459367

  phantomjs://platform/console++.js:263 in error
[ERROR - 2017-04-20T19:11:09.100Z] WebElementLocator - _handleLocateCommand - Element(s) NOT Found: GAVE UP. Search Stop Time: 1492715469064

  phantomjs://platform/console++.js:263 in error
[ERROR - 2017-04-20T19:11:13.903Z] WebElementLocator - _handleLocateCommand - Element(s) NOT Found: GAVE UP. Search Stop Time: 1492715473860

  phantomjs://platform/console++.js:263 in error
[ERROR - 2017-04-20T19:11:18.446Z] WebElementLocator - _handleLocateCommand - Element(s) NOT Found: GAVE UP. Search Stop Time: 1492715478405

  phantomjs://platform/console++.js:263 in error
[ERROR - 2017-04-20T19:11:22.939Z] WebElementLocator - _handleLocateCommand - Element(s) NOT Found: GAVE UP. Search Stop Time: 1492715482934

  phantomjs://platform/console++.js:263 in error
[ERROR - 2017-04-20T19:11:30.473Z] WebElementLocator - _handleLocateCommand - Element(s) NOT Found: GAVE UP. Search Stop Time: 1492715490434

  phantomjs://platform/console++.js:263 in error
[ERROR - 2017-04-20T19:11:39.282Z] WebElementLocator - _handleLocateCommand - Element(s) NOT Found: GAVE UP. Search Stop Time: 1492715499245

  phantomjs://platform/console++.js:263 in error
[ERROR - 2017-04-20T19:11:50.314Z] WebElementLocator - _handleLocateCommand - Element(s) NOT Found: GAVE UP. Search Stop Time: 1492715510282

  phantomjs://platform/console++.js:263 in error
[ERROR - 2017-04-20T19:11:13.111Z] WebElementLocator - _handleLocateCommand - Element(s) NOT Found: GAVE UP. Search Stop Time: 1492715473070

  phantomjs://platform/console++.js:263 in error
[ERROR - 2017-04-20T19:11:18.239Z] WebElementLocator - _handleLocateCommand - Element(s) NOT Found: GAVE UP. Search Stop Time: 1492715478203

  phantomjs://platform/console++.js:263 in error
[ERROR - 2017-04-20T19:11:23.227Z] WebElementLocator - _handleLocateCommand - Element(s) NOT Found: GAVE UP. Search Stop Time: 1492715483185

  phantomjs://platform/console++.js:263 in error
[ERROR - 2017-04-20T19:11:30.319Z] WebElementLocator - _handleLocateCommand - Element(s) NOT Found: GAVE UP. Search Stop Time: 1492715490307

  phantomjs://platform/console++.js:263 in error
ons clean-up phase starting NOW
[INFO  - 2017-04-20T19:08:07.146Z] SessionManagerReqHand - _cleanupWindowlessSessions - Asynchronous Sessions clean-up phase starting NOW
[INFO  - 2017-04-20T19:08:30.146Z] SessionManagerReqHand - _cleanupWindowlessSessions - Asynchronous Sessions clean-up phase starting NOW
 - Asynchronous Sessions clean-up phase starting NOW
[INFO  - 2017-04-20T19:08:30.151Z] SessionManagerReqHand - _cleanupWindowlessSessions - Asynchronous Sessions clean-up phase starting NOW
